{"/Users/michaelphillips/Projects/packages/utensils/lib/utensils.js":{"path":"/Users/michaelphillips/Projects/packages/utensils/lib/utensils.js","s":{"1":1,"2":1,"3":0,"4":0,"5":1,"6":1,"7":1,"8":1,"9":0,"10":1,"11":1,"12":1,"13":0,"14":0,"15":1,"16":0,"17":0,"18":0,"19":0,"20":0,"21":0,"22":0,"23":0,"24":0,"25":0,"26":1,"27":1,"28":0,"29":1,"30":0,"31":1,"32":0,"33":1,"34":1,"35":2,"36":0,"37":1,"38":0,"39":0,"40":0,"41":0,"42":0,"43":0,"44":0,"45":0,"46":1,"47":0,"48":0,"49":0,"50":0,"51":0,"52":0,"53":0,"54":0,"55":0,"56":0,"57":1,"58":0,"59":0,"60":0,"61":0,"62":0,"63":0,"64":0,"65":0,"66":0,"67":0,"68":0,"69":0,"70":0,"71":0,"72":0,"73":0,"74":0,"75":0,"76":0,"77":0,"78":0,"79":0,"80":1,"81":0,"82":0,"83":0,"84":0,"85":0,"86":0,"87":0,"88":0,"89":0,"90":0,"91":0,"92":0,"93":0,"94":0,"95":0,"96":1,"97":0,"98":0,"99":0,"100":0,"101":0,"102":0,"103":0,"104":0,"105":0,"106":0,"107":0,"108":0,"109":0,"110":0,"111":0,"112":0,"113":0,"114":0,"115":0,"116":0,"117":0,"118":0,"119":0,"120":0,"121":0,"122":0,"123":0,"124":0,"125":0,"126":0,"127":0,"128":0,"129":0,"130":0,"131":0,"132":0,"133":0,"134":0,"135":0,"136":0,"137":1,"138":0,"139":0,"140":0,"141":0,"142":0,"143":0,"144":0,"145":0,"146":0,"147":0,"148":0,"149":0,"150":0,"151":0,"152":0,"153":0,"154":0,"155":0,"156":0,"157":0,"158":0,"159":0,"160":0,"161":1,"162":0,"163":0,"164":0,"165":0,"166":0,"167":0,"168":0,"169":0,"170":0,"171":0,"172":0,"173":0,"174":0,"175":0,"176":0,"177":0,"178":0,"179":0,"180":1,"181":8,"182":8,"183":8,"184":3,"185":5,"186":0,"187":8,"188":8,"189":8,"190":8,"191":8,"192":8,"193":8,"194":8,"195":8,"196":8,"197":1,"198":8,"199":1,"200":0,"201":0,"202":0,"203":0,"204":0,"205":0,"206":1,"207":0,"208":0,"209":1,"210":0,"211":0,"212":0,"213":0,"214":0,"215":0,"216":0,"217":0,"218":0,"219":1,"220":0,"221":0,"222":0,"223":0,"224":0,"225":0,"226":0,"227":0,"228":0,"229":0,"230":1,"231":0,"232":1,"233":0,"234":0,"235":0,"236":0,"237":0,"238":0,"239":0,"240":0,"241":0,"242":0,"243":0,"244":0,"245":1,"246":0,"247":0,"248":1,"249":0,"250":0,"251":0,"252":0,"253":0,"254":1,"255":0,"256":0,"257":0,"258":0,"259":0,"260":1,"261":0,"262":0,"263":1},"b":{"1":[0,1],"2":[1,0],"3":[1,0],"4":[0,0],"5":[0,0],"6":[0,0],"7":[0,0],"8":[0,0],"9":[0,0],"10":[0,0],"11":[0,0],"12":[0,0],"13":[0,0],"14":[0,0],"15":[0,0],"16":[0,0],"17":[0,0],"18":[0,0],"19":[0,0],"20":[0,0],"21":[0,0],"22":[0,0],"23":[0,0],"24":[0,0],"25":[0,0],"26":[3,5],"27":[8,8],"28":[8,0],"29":[0,0],"30":[0,0],"31":[0,0],"32":[0,0],"33":[0,0],"34":[0,0],"35":[0,0],"36":[0,0],"37":[0,0],"38":[0,0],"39":[0,0],"40":[0,0],"41":[0,0],"42":[0,0,0,0,0],"43":[0,0]},"f":{"1":1,"2":0,"3":1,"4":0,"5":0,"6":0,"7":0,"8":0,"9":0,"10":2,"11":0,"12":0,"13":0,"14":0,"15":0,"16":0,"17":0,"18":0,"19":0,"20":0,"21":0,"22":0,"23":0,"24":0,"25":0,"26":0,"27":0,"28":0,"29":0,"30":0,"31":0,"32":0,"33":0,"34":0,"35":0,"36":0,"37":0,"38":0,"39":0,"40":0,"41":0,"42":0,"43":0,"44":0,"45":0,"46":0,"47":0,"48":0,"49":0,"50":0,"51":0,"52":0,"53":0,"54":0,"55":0,"56":0,"57":0,"58":0,"59":0,"60":0,"61":8,"62":0,"63":8,"64":8,"65":0,"66":0,"67":0,"68":0,"69":0,"70":0,"71":0,"72":0,"73":0,"74":0,"75":0,"76":0,"77":0,"78":0,"79":0,"80":0,"81":0,"82":0,"83":0,"84":0},"fnMap":{"1":{"name":"(anonymous_1)","line":8,"loc":{"start":{"line":8,"column":1},"end":{"line":8,"column":25}}},"2":{"name":"(anonymous_2)","line":12,"loc":{"start":{"line":12,"column":43},"end":{"line":12,"column":67}}},"3":{"name":"(anonymous_3)","line":29,"loc":{"start":{"line":29,"column":8},"end":{"line":29,"column":39}}},"4":{"name":"(anonymous_4)","line":43,"loc":{"start":{"line":43,"column":24},"end":{"line":43,"column":35}}},"5":{"name":"(anonymous_5)","line":48,"loc":{"start":{"line":48,"column":29},"end":{"line":48,"column":40}}},"6":{"name":"(anonymous_6)","line":65,"loc":{"start":{"line":65,"column":20},"end":{"line":65,"column":43}}},"7":{"name":"(anonymous_7)","line":84,"loc":{"start":{"line":84,"column":13},"end":{"line":84,"column":24}}},"8":{"name":"(anonymous_8)","line":91,"loc":{"start":{"line":91,"column":20},"end":{"line":91,"column":37}}},"9":{"name":"(anonymous_9)","line":96,"loc":{"start":{"line":96,"column":23},"end":{"line":96,"column":40}}},"10":{"name":"(anonymous_10)","line":108,"loc":{"start":{"line":108,"column":37},"end":{"line":108,"column":56}}},"11":{"name":"(anonymous_11)","line":109,"loc":{"start":{"line":109,"column":30},"end":{"line":109,"column":41}}},"12":{"name":"(anonymous_12)","line":119,"loc":{"start":{"line":119,"column":17},"end":{"line":119,"column":28}}},"13":{"name":"(anonymous_13)","line":137,"loc":{"start":{"line":137,"column":9},"end":{"line":137,"column":32}}},"14":{"name":"(anonymous_14)","line":152,"loc":{"start":{"line":152,"column":13},"end":{"line":152,"column":24}}},"15":{"name":"(anonymous_15)","line":164,"loc":{"start":{"line":164,"column":9},"end":{"line":164,"column":20}}},"16":{"name":"(anonymous_16)","line":171,"loc":{"start":{"line":171,"column":24},"end":{"line":171,"column":35}}},"17":{"name":"(anonymous_17)","line":178,"loc":{"start":{"line":178,"column":23},"end":{"line":178,"column":34}}},"18":{"name":"(anonymous_18)","line":198,"loc":{"start":{"line":198,"column":14},"end":{"line":198,"column":25}}},"19":{"name":"(anonymous_19)","line":202,"loc":{"start":{"line":202,"column":9},"end":{"line":202,"column":20}}},"20":{"name":"(anonymous_20)","line":217,"loc":{"start":{"line":217,"column":29},"end":{"line":217,"column":61}}},"21":{"name":"(anonymous_21)","line":224,"loc":{"start":{"line":224,"column":16},"end":{"line":224,"column":39}}},"22":{"name":"(anonymous_22)","line":225,"loc":{"start":{"line":225,"column":17},"end":{"line":225,"column":35}}},"23":{"name":"(anonymous_23)","line":235,"loc":{"start":{"line":235,"column":18},"end":{"line":235,"column":38}}},"24":{"name":"(anonymous_24)","line":239,"loc":{"start":{"line":239,"column":17},"end":{"line":239,"column":36}}},"25":{"name":"(anonymous_25)","line":240,"loc":{"start":{"line":240,"column":14},"end":{"line":240,"column":32}}},"26":{"name":"(anonymous_26)","line":260,"loc":{"start":{"line":260,"column":13},"end":{"line":260,"column":24}}},"27":{"name":"(anonymous_27)","line":264,"loc":{"start":{"line":264,"column":9},"end":{"line":264,"column":20}}},"28":{"name":"(anonymous_28)","line":270,"loc":{"start":{"line":270,"column":14},"end":{"line":270,"column":25}}},"29":{"name":"(anonymous_29)","line":277,"loc":{"start":{"line":277,"column":11},"end":{"line":277,"column":22}}},"30":{"name":"(anonymous_30)","line":281,"loc":{"start":{"line":281,"column":14},"end":{"line":281,"column":29}}},"31":{"name":"(anonymous_31)","line":284,"loc":{"start":{"line":284,"column":14},"end":{"line":284,"column":29}}},"32":{"name":"(anonymous_32)","line":294,"loc":{"start":{"line":294,"column":22},"end":{"line":294,"column":37}}},"33":{"name":"(anonymous_33)","line":301,"loc":{"start":{"line":301,"column":60},"end":{"line":301,"column":87}}},"34":{"name":"(anonymous_34)","line":303,"loc":{"start":{"line":303,"column":16},"end":{"line":303,"column":39}}},"35":{"name":"(anonymous_35)","line":318,"loc":{"start":{"line":318,"column":17},"end":{"line":318,"column":34}}},"36":{"name":"(anonymous_36)","line":327,"loc":{"start":{"line":327,"column":13},"end":{"line":327,"column":24}}},"37":{"name":"(anonymous_37)","line":331,"loc":{"start":{"line":331,"column":9},"end":{"line":331,"column":32}}},"38":{"name":"(anonymous_38)","line":346,"loc":{"start":{"line":346,"column":46},"end":{"line":346,"column":63}}},"39":{"name":"(anonymous_39)","line":356,"loc":{"start":{"line":356,"column":12},"end":{"line":356,"column":29}}},"40":{"name":"(anonymous_40)","line":363,"loc":{"start":{"line":363,"column":8},"end":{"line":363,"column":27}}},"41":{"name":"(anonymous_41)","line":374,"loc":{"start":{"line":374,"column":13},"end":{"line":374,"column":33}}},"42":{"name":"(anonymous_42)","line":380,"loc":{"start":{"line":380,"column":34},"end":{"line":380,"column":53}}},"43":{"name":"(anonymous_43)","line":393,"loc":{"start":{"line":393,"column":16},"end":{"line":393,"column":33}}},"44":{"name":"(anonymous_44)","line":400,"loc":{"start":{"line":400,"column":16},"end":{"line":400,"column":33}}},"45":{"name":"(anonymous_45)","line":407,"loc":{"start":{"line":407,"column":18},"end":{"line":407,"column":35}}},"46":{"name":"(anonymous_46)","line":410,"loc":{"start":{"line":410,"column":32},"end":{"line":410,"column":55}}},"47":{"name":"(anonymous_47)","line":418,"loc":{"start":{"line":418,"column":23},"end":{"line":418,"column":40}}},"48":{"name":"(anonymous_48)","line":426,"loc":{"start":{"line":426,"column":40},"end":{"line":426,"column":55}}},"49":{"name":"(anonymous_49)","line":441,"loc":{"start":{"line":441,"column":13},"end":{"line":441,"column":24}}},"50":{"name":"(anonymous_50)","line":445,"loc":{"start":{"line":445,"column":9},"end":{"line":445,"column":20}}},"51":{"name":"(anonymous_51)","line":462,"loc":{"start":{"line":462,"column":29},"end":{"line":462,"column":70}}},"52":{"name":"(anonymous_52)","line":470,"loc":{"start":{"line":470,"column":16},"end":{"line":470,"column":39}}},"53":{"name":"(anonymous_53)","line":471,"loc":{"start":{"line":471,"column":17},"end":{"line":471,"column":35}}},"54":{"name":"(anonymous_54)","line":481,"loc":{"start":{"line":481,"column":18},"end":{"line":481,"column":38}}},"55":{"name":"(anonymous_55)","line":485,"loc":{"start":{"line":485,"column":17},"end":{"line":485,"column":36}}},"56":{"name":"(anonymous_56)","line":486,"loc":{"start":{"line":486,"column":14},"end":{"line":486,"column":32}}},"57":{"name":"(anonymous_57)","line":505,"loc":{"start":{"line":505,"column":17},"end":{"line":505,"column":33}}},"58":{"name":"(anonymous_58)","line":511,"loc":{"start":{"line":511,"column":28},"end":{"line":511,"column":39}}},"59":{"name":"(anonymous_59)","line":520,"loc":{"start":{"line":520,"column":20},"end":{"line":520,"column":31}}},"60":{"name":"(anonymous_60)","line":536,"loc":{"start":{"line":536,"column":13},"end":{"line":536,"column":24}}},"61":{"name":"extend","line":547,"loc":{"start":{"line":547,"column":2},"end":{"line":547,"column":43}}},"62":{"name":"(anonymous_62)","line":554,"loc":{"start":{"line":554,"column":14},"end":{"line":554,"column":24}}},"63":{"name":"(anonymous_63)","line":559,"loc":{"start":{"line":559,"column":20},"end":{"line":559,"column":30}}},"64":{"name":"(anonymous_64)","line":572,"loc":{"start":{"line":572,"column":83},"end":{"line":572,"column":100}}},"65":{"name":"prepareProcedureMethods","line":576,"loc":{"start":{"line":576,"column":2},"end":{"line":576,"column":67}}},"66":{"name":"promiseSequence","line":589,"loc":{"start":{"line":589,"column":2},"end":{"line":589,"column":46}}},"67":{"name":"(anonymous_67)","line":590,"loc":{"start":{"line":590,"column":22},"end":{"line":590,"column":42}}},"68":{"name":"wrapWithPromise","line":595,"loc":{"start":{"line":595,"column":2},"end":{"line":595,"column":63}}},"69":{"name":"(anonymous_69)","line":598,"loc":{"start":{"line":598,"column":38},"end":{"line":598,"column":53}}},"70":{"name":"wrapAnySyncFunctionsWithBooleanPromiseHandling","line":611,"loc":{"start":{"line":611,"column":2},"end":{"line":611,"column":83}}},"71":{"name":"(anonymous_71)","line":616,"loc":{"start":{"line":616,"column":11},"end":{"line":616,"column":26}}},"72":{"name":"(anonymous_72)","line":618,"loc":{"start":{"line":618,"column":17},"end":{"line":618,"column":28}}},"73":{"name":"scopeName","line":637,"loc":{"start":{"line":637,"column":2},"end":{"line":637,"column":37}}},"74":{"name":"wrapAnySequenceFunctionsThatRequestedPromises","line":641,"loc":{"start":{"line":641,"column":2},"end":{"line":641,"column":82}}},"75":{"name":"(anonymous_75)","line":647,"loc":{"start":{"line":647,"column":11},"end":{"line":647,"column":31}}},"76":{"name":"(anonymous_76)","line":648,"loc":{"start":{"line":648,"column":20},"end":{"line":648,"column":36}}},"77":{"name":"returnArrayOfResultsFromExecutedFunctions","line":680,"loc":{"start":{"line":680,"column":2},"end":{"line":680,"column":60}}},"78":{"name":"(anonymous_78)","line":681,"loc":{"start":{"line":681,"column":22},"end":{"line":681,"column":35}}},"79":{"name":"getObjectMethodsByName","line":686,"loc":{"start":{"line":686,"column":2},"end":{"line":686,"column":50}}},"80":{"name":"(anonymous_80)","line":687,"loc":{"start":{"line":687,"column":27},"end":{"line":687,"column":46}}},"81":{"name":"returnBoundObjectMethods","line":699,"loc":{"start":{"line":699,"column":2},"end":{"line":699,"column":48}}},"82":{"name":"(anonymous_82)","line":704,"loc":{"start":{"line":704,"column":11},"end":{"line":704,"column":24}}},"83":{"name":"memoizeAllFunctions","line":712,"loc":{"start":{"line":712,"column":2},"end":{"line":712,"column":38}}},"84":{"name":"(anonymous_84)","line":713,"loc":{"start":{"line":713,"column":23},"end":{"line":713,"column":38}}}},"statementMap":{"1":{"start":{"line":8,"column":0},"end":{"line":720,"column":4}},"2":{"start":{"line":11,"column":2},"end":{"line":27,"column":3}},"3":{"start":{"line":12,"column":4},"end":{"line":16,"column":7}},"4":{"start":{"line":15,"column":6},"end":{"line":15,"column":51}},"5":{"start":{"line":19,"column":9},"end":{"line":27,"column":3}},"6":{"start":{"line":20,"column":4},"end":{"line":20,"column":34}},"7":{"start":{"line":21,"column":4},"end":{"line":21,"column":25}},"8":{"start":{"line":22,"column":4},"end":{"line":22,"column":33}},"9":{"start":{"line":26,"column":4},"end":{"line":26,"column":54}},"10":{"start":{"line":36,"column":2},"end":{"line":36,"column":39}},"11":{"start":{"line":39,"column":2},"end":{"line":39,"column":29}},"12":{"start":{"line":43,"column":2},"end":{"line":46,"column":4}},"13":{"start":{"line":44,"column":4},"end":{"line":44,"column":37}},"14":{"start":{"line":45,"column":4},"end":{"line":45,"column":16}},"15":{"start":{"line":48,"column":2},"end":{"line":69,"column":4}},"16":{"start":{"line":49,"column":4},"end":{"line":49,"column":20}},"17":{"start":{"line":50,"column":4},"end":{"line":50,"column":38}},"18":{"start":{"line":53,"column":4},"end":{"line":53,"column":56}},"19":{"start":{"line":54,"column":4},"end":{"line":55,"column":44}},"20":{"start":{"line":55,"column":6},"end":{"line":55,"column":44}},"21":{"start":{"line":59,"column":4},"end":{"line":59,"column":58}},"22":{"start":{"line":60,"column":4},"end":{"line":60,"column":36}},"23":{"start":{"line":64,"column":4},"end":{"line":68,"column":5}},"24":{"start":{"line":65,"column":6},"end":{"line":67,"column":9}},"25":{"start":{"line":66,"column":8},"end":{"line":66,"column":48}},"26":{"start":{"line":71,"column":2},"end":{"line":71,"column":23}},"27":{"start":{"line":76,"column":2},"end":{"line":88,"column":5}},"28":{"start":{"line":85,"column":6},"end":{"line":85,"column":39}},"29":{"start":{"line":91,"column":2},"end":{"line":93,"column":4}},"30":{"start":{"line":92,"column":4},"end":{"line":92,"column":39}},"31":{"start":{"line":96,"column":2},"end":{"line":98,"column":4}},"32":{"start":{"line":97,"column":4},"end":{"line":97,"column":39}},"33":{"start":{"line":104,"column":2},"end":{"line":104,"column":66}},"34":{"start":{"line":108,"column":2},"end":{"line":112,"column":5}},"35":{"start":{"line":109,"column":4},"end":{"line":111,"column":6}},"36":{"start":{"line":110,"column":6},"end":{"line":110,"column":73}},"37":{"start":{"line":117,"column":2},"end":{"line":142,"column":5}},"38":{"start":{"line":120,"column":6},"end":{"line":120,"column":58}},"39":{"start":{"line":125,"column":6},"end":{"line":125,"column":103}},"40":{"start":{"line":126,"column":6},"end":{"line":127,"column":47}},"41":{"start":{"line":127,"column":8},"end":{"line":127,"column":47}},"42":{"start":{"line":131,"column":6},"end":{"line":132,"column":72}},"43":{"start":{"line":132,"column":8},"end":{"line":132,"column":72}},"44":{"start":{"line":134,"column":6},"end":{"line":134,"column":84}},"45":{"start":{"line":138,"column":6},"end":{"line":139,"column":26}},"46":{"start":{"line":147,"column":2},"end":{"line":188,"column":5}},"47":{"start":{"line":153,"column":6},"end":{"line":153,"column":47}},"48":{"start":{"line":165,"column":6},"end":{"line":165,"column":22}},"49":{"start":{"line":170,"column":6},"end":{"line":172,"column":7}},"50":{"start":{"line":171,"column":8},"end":{"line":172,"column":6}},"51":{"start":{"line":171,"column":37},"end":{"line":171,"column":102}},"52":{"start":{"line":177,"column":6},"end":{"line":179,"column":7}},"53":{"start":{"line":178,"column":8},"end":{"line":179,"column":6}},"54":{"start":{"line":178,"column":36},"end":{"line":178,"column":93}},"55":{"start":{"line":181,"column":6},"end":{"line":181,"column":71}},"56":{"start":{"line":183,"column":6},"end":{"line":185,"column":26}},"57":{"start":{"line":193,"column":2},"end":{"line":252,"column":5}},"58":{"start":{"line":199,"column":6},"end":{"line":199,"column":47}},"59":{"start":{"line":206,"column":6},"end":{"line":206,"column":22}},"60":{"start":{"line":208,"column":6},"end":{"line":208,"column":108}},"61":{"start":{"line":212,"column":6},"end":{"line":212,"column":98}},"62":{"start":{"line":213,"column":6},"end":{"line":214,"column":35}},"63":{"start":{"line":218,"column":6},"end":{"line":218,"column":27}},"64":{"start":{"line":220,"column":6},"end":{"line":220,"column":77}},"65":{"start":{"line":221,"column":6},"end":{"line":221,"column":98}},"66":{"start":{"line":222,"column":6},"end":{"line":229,"column":9}},"67":{"start":{"line":225,"column":10},"end":{"line":228,"column":8}},"68":{"start":{"line":226,"column":12},"end":{"line":226,"column":60}},"69":{"start":{"line":230,"column":6},"end":{"line":230,"column":76}},"70":{"start":{"line":232,"column":6},"end":{"line":232,"column":30}},"71":{"start":{"line":236,"column":6},"end":{"line":236,"column":31}},"72":{"start":{"line":237,"column":6},"end":{"line":238,"column":6}},"73":{"start":{"line":238,"column":6},"end":{"line":241,"column":17}},"74":{"start":{"line":239,"column":38},"end":{"line":239,"column":73}},"75":{"start":{"line":240,"column":34},"end":{"line":240,"column":54}},"76":{"start":{"line":243,"column":6},"end":{"line":247,"column":7}},"77":{"start":{"line":244,"column":8},"end":{"line":244,"column":34}},"78":{"start":{"line":246,"column":8},"end":{"line":246,"column":27}},"79":{"start":{"line":249,"column":6},"end":{"line":249,"column":30}},"80":{"start":{"line":257,"column":2},"end":{"line":311,"column":5}},"81":{"start":{"line":261,"column":6},"end":{"line":261,"column":47}},"82":{"start":{"line":265,"column":6},"end":{"line":265,"column":22}},"83":{"start":{"line":267,"column":6},"end":{"line":267,"column":71}},"84":{"start":{"line":269,"column":6},"end":{"line":274,"column":11}},"85":{"start":{"line":271,"column":10},"end":{"line":273,"column":30}},"86":{"start":{"line":278,"column":6},"end":{"line":278,"column":22}},"87":{"start":{"line":280,"column":6},"end":{"line":286,"column":11}},"88":{"start":{"line":282,"column":10},"end":{"line":282,"column":20}},"89":{"start":{"line":285,"column":10},"end":{"line":285,"column":45}},"90":{"start":{"line":295,"column":6},"end":{"line":295,"column":22}},"91":{"start":{"line":300,"column":6},"end":{"line":300,"column":28}},"92":{"start":{"line":301,"column":6},"end":{"line":306,"column":9}},"93":{"start":{"line":302,"column":8},"end":{"line":305,"column":13}},"94":{"start":{"line":304,"column":12},"end":{"line":304,"column":60}},"95":{"start":{"line":308,"column":6},"end":{"line":308,"column":41}},"96":{"start":{"line":316,"column":2},"end":{"line":433,"column":5}},"97":{"start":{"line":320,"column":6},"end":{"line":320,"column":58}},"98":{"start":{"line":323,"column":6},"end":{"line":323,"column":41}},"99":{"start":{"line":328,"column":6},"end":{"line":328,"column":47}},"100":{"start":{"line":332,"column":6},"end":{"line":332,"column":22}},"101":{"start":{"line":334,"column":6},"end":{"line":334,"column":35}},"102":{"start":{"line":336,"column":6},"end":{"line":343,"column":8}},"103":{"start":{"line":346,"column":6},"end":{"line":348,"column":9}},"104":{"start":{"line":347,"column":8},"end":{"line":347,"column":40}},"105":{"start":{"line":352,"column":6},"end":{"line":353,"column":30}},"106":{"start":{"line":357,"column":6},"end":{"line":357,"column":22}},"107":{"start":{"line":358,"column":6},"end":{"line":358,"column":33}},"108":{"start":{"line":359,"column":6},"end":{"line":359,"column":31}},"109":{"start":{"line":361,"column":6},"end":{"line":369,"column":18}},"110":{"start":{"line":364,"column":10},"end":{"line":364,"column":68}},"111":{"start":{"line":371,"column":6},"end":{"line":371,"column":30}},"112":{"start":{"line":375,"column":6},"end":{"line":375,"column":22}},"113":{"start":{"line":379,"column":6},"end":{"line":383,"column":7}},"114":{"start":{"line":380,"column":8},"end":{"line":382,"column":11}},"115":{"start":{"line":381,"column":10},"end":{"line":381,"column":62}},"116":{"start":{"line":385,"column":6},"end":{"line":389,"column":7}},"117":{"start":{"line":386,"column":8},"end":{"line":386,"column":23}},"118":{"start":{"line":388,"column":8},"end":{"line":388,"column":26}},"119":{"start":{"line":394,"column":6},"end":{"line":394,"column":41}},"120":{"start":{"line":394,"column":29},"end":{"line":394,"column":41}},"121":{"start":{"line":396,"column":6},"end":{"line":396,"column":55}},"122":{"start":{"line":401,"column":6},"end":{"line":401,"column":41}},"123":{"start":{"line":401,"column":29},"end":{"line":401,"column":41}},"124":{"start":{"line":403,"column":6},"end":{"line":403,"column":55}},"125":{"start":{"line":408,"column":6},"end":{"line":408,"column":43}},"126":{"start":{"line":408,"column":31},"end":{"line":408,"column":43}},"127":{"start":{"line":410,"column":6},"end":{"line":413,"column":9}},"128":{"start":{"line":411,"column":8},"end":{"line":411,"column":36}},"129":{"start":{"line":412,"column":8},"end":{"line":412,"column":27}},"130":{"start":{"line":415,"column":6},"end":{"line":415,"column":18}},"131":{"start":{"line":419,"column":6},"end":{"line":419,"column":22}},"132":{"start":{"line":420,"column":6},"end":{"line":420,"column":22}},"133":{"start":{"line":422,"column":6},"end":{"line":424,"column":9}},"134":{"start":{"line":426,"column":6},"end":{"line":428,"column":9}},"135":{"start":{"line":427,"column":8},"end":{"line":427,"column":34}},"136":{"start":{"line":430,"column":6},"end":{"line":430,"column":20}},"137":{"start":{"line":438,"column":2},"end":{"line":498,"column":5}},"138":{"start":{"line":442,"column":6},"end":{"line":442,"column":47}},"139":{"start":{"line":449,"column":6},"end":{"line":449,"column":22}},"140":{"start":{"line":451,"column":6},"end":{"line":453,"column":9}},"141":{"start":{"line":457,"column":6},"end":{"line":457,"column":98}},"142":{"start":{"line":458,"column":6},"end":{"line":459,"column":35}},"143":{"start":{"line":463,"column":6},"end":{"line":463,"column":34}},"144":{"start":{"line":464,"column":6},"end":{"line":464,"column":27}},"145":{"start":{"line":466,"column":6},"end":{"line":466,"column":77}},"146":{"start":{"line":467,"column":6},"end":{"line":467,"column":126}},"147":{"start":{"line":468,"column":6},"end":{"line":475,"column":9}},"148":{"start":{"line":471,"column":10},"end":{"line":474,"column":8}},"149":{"start":{"line":472,"column":12},"end":{"line":472,"column":60}},"150":{"start":{"line":476,"column":6},"end":{"line":476,"column":95}},"151":{"start":{"line":478,"column":6},"end":{"line":478,"column":30}},"152":{"start":{"line":482,"column":6},"end":{"line":482,"column":31}},"153":{"start":{"line":483,"column":6},"end":{"line":484,"column":6}},"154":{"start":{"line":484,"column":6},"end":{"line":487,"column":17}},"155":{"start":{"line":485,"column":38},"end":{"line":485,"column":73}},"156":{"start":{"line":486,"column":34},"end":{"line":486,"column":54}},"157":{"start":{"line":489,"column":6},"end":{"line":493,"column":7}},"158":{"start":{"line":490,"column":8},"end":{"line":490,"column":34}},"159":{"start":{"line":492,"column":8},"end":{"line":492,"column":43}},"160":{"start":{"line":495,"column":6},"end":{"line":495,"column":30}},"161":{"start":{"line":503,"column":2},"end":{"line":542,"column":5}},"162":{"start":{"line":506,"column":6},"end":{"line":506,"column":43}},"163":{"start":{"line":506,"column":36},"end":{"line":506,"column":43}},"164":{"start":{"line":508,"column":6},"end":{"line":508,"column":22}},"165":{"start":{"line":509,"column":6},"end":{"line":509,"column":56}},"166":{"start":{"line":510,"column":6},"end":{"line":510,"column":70}},"167":{"start":{"line":511,"column":6},"end":{"line":514,"column":8}},"168":{"start":{"line":512,"column":8},"end":{"line":514,"column":6}},"169":{"start":{"line":515,"column":6},"end":{"line":515,"column":53}},"170":{"start":{"line":517,"column":6},"end":{"line":517,"column":17}},"171":{"start":{"line":521,"column":6},"end":{"line":521,"column":22}},"172":{"start":{"line":526,"column":6},"end":{"line":530,"column":7}},"173":{"start":{"line":527,"column":8},"end":{"line":527,"column":87}},"174":{"start":{"line":528,"column":8},"end":{"line":529,"column":53}},"175":{"start":{"line":529,"column":10},"end":{"line":529,"column":53}},"176":{"start":{"line":532,"column":6},"end":{"line":534,"column":9}},"177":{"start":{"line":536,"column":6},"end":{"line":539,"column":8}},"178":{"start":{"line":537,"column":8},"end":{"line":537,"column":73}},"179":{"start":{"line":538,"column":8},"end":{"line":538,"column":51}},"180":{"start":{"line":547,"column":2},"end":{"line":569,"column":3}},"181":{"start":{"line":548,"column":4},"end":{"line":548,"column":22}},"182":{"start":{"line":549,"column":4},"end":{"line":549,"column":14}},"183":{"start":{"line":551,"column":4},"end":{"line":555,"column":5}},"184":{"start":{"line":552,"column":6},"end":{"line":552,"column":37}},"185":{"start":{"line":554,"column":6},"end":{"line":554,"column":66}},"186":{"start":{"line":554,"column":26},"end":{"line":554,"column":63}},"187":{"start":{"line":557,"column":4},"end":{"line":557,"column":41}},"188":{"start":{"line":559,"column":4},"end":{"line":559,"column":60}},"189":{"start":{"line":559,"column":32},"end":{"line":559,"column":57}},"190":{"start":{"line":560,"column":4},"end":{"line":560,"column":43}},"191":{"start":{"line":561,"column":4},"end":{"line":561,"column":36}},"192":{"start":{"line":563,"column":4},"end":{"line":563,"column":58}},"193":{"start":{"line":563,"column":20},"end":{"line":563,"column":58}},"194":{"start":{"line":565,"column":4},"end":{"line":565,"column":39}},"195":{"start":{"line":566,"column":4},"end":{"line":566,"column":38}},"196":{"start":{"line":568,"column":4},"end":{"line":568,"column":17}},"197":{"start":{"line":572,"column":2},"end":{"line":574,"column":5}},"198":{"start":{"line":573,"column":4},"end":{"line":573,"column":25}},"199":{"start":{"line":576,"column":2},"end":{"line":587,"column":3}},"200":{"start":{"line":577,"column":4},"end":{"line":577,"column":32}},"201":{"start":{"line":579,"column":4},"end":{"line":579,"column":25}},"202":{"start":{"line":581,"column":4},"end":{"line":581,"column":84}},"203":{"start":{"line":582,"column":4},"end":{"line":582,"column":123}},"204":{"start":{"line":583,"column":4},"end":{"line":583,"column":102}},"205":{"start":{"line":586,"column":4},"end":{"line":586,"column":28}},"206":{"start":{"line":589,"column":2},"end":{"line":593,"column":3}},"207":{"start":{"line":590,"column":4},"end":{"line":592,"column":50}},"208":{"start":{"line":591,"column":6},"end":{"line":591,"column":27}},"209":{"start":{"line":595,"column":2},"end":{"line":609,"column":3}},"210":{"start":{"line":596,"column":4},"end":{"line":596,"column":32}},"211":{"start":{"line":598,"column":4},"end":{"line":606,"column":7}},"212":{"start":{"line":599,"column":6},"end":{"line":599,"column":28}},"213":{"start":{"line":600,"column":6},"end":{"line":600,"column":95}},"214":{"start":{"line":601,"column":6},"end":{"line":601,"column":94}},"215":{"start":{"line":603,"column":6},"end":{"line":603,"column":44}},"216":{"start":{"line":604,"column":6},"end":{"line":604,"column":32}},"217":{"start":{"line":605,"column":6},"end":{"line":605,"column":27}},"218":{"start":{"line":608,"column":4},"end":{"line":608,"column":21}},"219":{"start":{"line":611,"column":2},"end":{"line":635,"column":3}},"220":{"start":{"line":612,"column":4},"end":{"line":612,"column":32}},"221":{"start":{"line":614,"column":4},"end":{"line":634,"column":15}},"222":{"start":{"line":617,"column":8},"end":{"line":632,"column":9}},"223":{"start":{"line":618,"column":10},"end":{"line":630,"column":8}},"224":{"start":{"line":619,"column":12},"end":{"line":619,"column":34}},"225":{"start":{"line":623,"column":12},"end":{"line":626,"column":47}},"226":{"start":{"line":624,"column":14},"end":{"line":624,"column":30}},"227":{"start":{"line":626,"column":14},"end":{"line":626,"column":47}},"228":{"start":{"line":628,"column":12},"end":{"line":628,"column":33}},"229":{"start":{"line":631,"column":10},"end":{"line":631,"column":20}},"230":{"start":{"line":637,"column":2},"end":{"line":639,"column":3}},"231":{"start":{"line":638,"column":4},"end":{"line":638,"column":30}},"232":{"start":{"line":641,"column":2},"end":{"line":678,"column":3}},"233":{"start":{"line":642,"column":4},"end":{"line":642,"column":20}},"234":{"start":{"line":643,"column":4},"end":{"line":643,"column":32}},"235":{"start":{"line":645,"column":4},"end":{"line":677,"column":15}},"236":{"start":{"line":648,"column":8},"end":{"line":674,"column":8}},"237":{"start":{"line":649,"column":10},"end":{"line":649,"column":24}},"238":{"start":{"line":656,"column":10},"end":{"line":657,"column":27}},"239":{"start":{"line":657,"column":12},"end":{"line":657,"column":27}},"240":{"start":{"line":667,"column":10},"end":{"line":669,"column":11}},"241":{"start":{"line":668,"column":12},"end":{"line":668,"column":68}},"242":{"start":{"line":672,"column":10},"end":{"line":672,"column":43}},"243":{"start":{"line":674,"column":8},"end":{"line":674,"column":31}},"244":{"start":{"line":675,"column":8},"end":{"line":675,"column":21}},"245":{"start":{"line":680,"column":2},"end":{"line":684,"column":3}},"246":{"start":{"line":681,"column":4},"end":{"line":683,"column":7}},"247":{"start":{"line":682,"column":6},"end":{"line":682,"column":18}},"248":{"start":{"line":686,"column":2},"end":{"line":697,"column":3}},"249":{"start":{"line":687,"column":4},"end":{"line":696,"column":7}},"250":{"start":{"line":688,"column":6},"end":{"line":688,"column":27}},"251":{"start":{"line":693,"column":6},"end":{"line":693,"column":38}},"252":{"start":{"line":693,"column":18},"end":{"line":693,"column":36}},"253":{"start":{"line":695,"column":6},"end":{"line":695,"column":16}},"254":{"start":{"line":699,"column":2},"end":{"line":710,"column":3}},"255":{"start":{"line":700,"column":4},"end":{"line":700,"column":20}},"256":{"start":{"line":702,"column":4},"end":{"line":709,"column":15}},"257":{"start":{"line":705,"column":8},"end":{"line":705,"column":40}},"258":{"start":{"line":706,"column":8},"end":{"line":706,"column":33}},"259":{"start":{"line":707,"column":8},"end":{"line":707,"column":23}},"260":{"start":{"line":712,"column":2},"end":{"line":716,"column":3}},"261":{"start":{"line":713,"column":4},"end":{"line":716,"column":2}},"262":{"start":{"line":714,"column":6},"end":{"line":714,"column":29}},"263":{"start":{"line":718,"column":2},"end":{"line":718,"column":18}}},"branchMap":{"1":{"line":11,"type":"if","locations":[{"start":{"line":11,"column":2},"end":{"line":11,"column":2}},{"start":{"line":11,"column":2},"end":{"line":11,"column":2}}]},"2":{"line":11,"type":"binary-expr","locations":[{"start":{"line":11,"column":6},"end":{"line":11,"column":34}},{"start":{"line":11,"column":38},"end":{"line":11,"column":48}}]},"3":{"line":19,"type":"if","locations":[{"start":{"line":19,"column":9},"end":{"line":19,"column":9}},{"start":{"line":19,"column":9},"end":{"line":19,"column":9}}]},"4":{"line":54,"type":"if","locations":[{"start":{"line":54,"column":4},"end":{"line":54,"column":4}},{"start":{"line":54,"column":4},"end":{"line":54,"column":4}}]},"5":{"line":54,"type":"binary-expr","locations":[{"start":{"line":54,"column":9},"end":{"line":54,"column":35}},{"start":{"line":54,"column":39},"end":{"line":54,"column":74}}]},"6":{"line":64,"type":"if","locations":[{"start":{"line":64,"column":4},"end":{"line":64,"column":4}},{"start":{"line":64,"column":4},"end":{"line":64,"column":4}}]},"7":{"line":126,"type":"if","locations":[{"start":{"line":126,"column":6},"end":{"line":126,"column":6}},{"start":{"line":126,"column":6},"end":{"line":126,"column":6}}]},"8":{"line":131,"type":"if","locations":[{"start":{"line":131,"column":6},"end":{"line":131,"column":6}},{"start":{"line":131,"column":6},"end":{"line":131,"column":6}}]},"9":{"line":170,"type":"if","locations":[{"start":{"line":170,"column":6},"end":{"line":170,"column":6}},{"start":{"line":170,"column":6},"end":{"line":170,"column":6}}]},"10":{"line":177,"type":"if","locations":[{"start":{"line":177,"column":6},"end":{"line":177,"column":6}},{"start":{"line":177,"column":6},"end":{"line":177,"column":6}}]},"11":{"line":243,"type":"if","locations":[{"start":{"line":243,"column":6},"end":{"line":243,"column":6}},{"start":{"line":243,"column":6},"end":{"line":243,"column":6}}]},"12":{"line":320,"type":"cond-expr","locations":[{"start":{"line":320,"column":42},"end":{"line":320,"column":46}},{"start":{"line":320,"column":49},"end":{"line":320,"column":57}}]},"13":{"line":379,"type":"if","locations":[{"start":{"line":379,"column":6},"end":{"line":379,"column":6}},{"start":{"line":379,"column":6},"end":{"line":379,"column":6}}]},"14":{"line":385,"type":"if","locations":[{"start":{"line":385,"column":6},"end":{"line":385,"column":6}},{"start":{"line":385,"column":6},"end":{"line":385,"column":6}}]},"15":{"line":394,"type":"if","locations":[{"start":{"line":394,"column":6},"end":{"line":394,"column":6}},{"start":{"line":394,"column":6},"end":{"line":394,"column":6}}]},"16":{"line":401,"type":"if","locations":[{"start":{"line":401,"column":6},"end":{"line":401,"column":6}},{"start":{"line":401,"column":6},"end":{"line":401,"column":6}}]},"17":{"line":408,"type":"if","locations":[{"start":{"line":408,"column":6},"end":{"line":408,"column":6}},{"start":{"line":408,"column":6},"end":{"line":408,"column":6}}]},"18":{"line":463,"type":"binary-expr","locations":[{"start":{"line":463,"column":18},"end":{"line":463,"column":25}},{"start":{"line":463,"column":29},"end":{"line":463,"column":31}}]},"19":{"line":467,"type":"binary-expr","locations":[{"start":{"line":467,"column":91},"end":{"line":467,"column":106}},{"start":{"line":467,"column":110},"end":{"line":467,"column":114}}]},"20":{"line":468,"type":"binary-expr","locations":[{"start":{"line":468,"column":90},"end":{"line":468,"column":105}},{"start":{"line":468,"column":109},"end":{"line":468,"column":113}}]},"21":{"line":476,"type":"binary-expr","locations":[{"start":{"line":476,"column":69},"end":{"line":476,"column":84}},{"start":{"line":476,"column":88},"end":{"line":476,"column":92}}]},"22":{"line":489,"type":"if","locations":[{"start":{"line":489,"column":6},"end":{"line":489,"column":6}},{"start":{"line":489,"column":6},"end":{"line":489,"column":6}}]},"23":{"line":506,"type":"if","locations":[{"start":{"line":506,"column":6},"end":{"line":506,"column":6}},{"start":{"line":506,"column":6},"end":{"line":506,"column":6}}]},"24":{"line":526,"type":"if","locations":[{"start":{"line":526,"column":6},"end":{"line":526,"column":6}},{"start":{"line":526,"column":6},"end":{"line":526,"column":6}}]},"25":{"line":528,"type":"if","locations":[{"start":{"line":528,"column":8},"end":{"line":528,"column":8}},{"start":{"line":528,"column":8},"end":{"line":528,"column":8}}]},"26":{"line":551,"type":"if","locations":[{"start":{"line":551,"column":4},"end":{"line":551,"column":4}},{"start":{"line":551,"column":4},"end":{"line":551,"column":4}}]},"27":{"line":551,"type":"binary-expr","locations":[{"start":{"line":551,"column":8},"end":{"line":551,"column":18}},{"start":{"line":551,"column":22},"end":{"line":551,"column":54}}]},"28":{"line":563,"type":"if","locations":[{"start":{"line":563,"column":4},"end":{"line":563,"column":4}},{"start":{"line":563,"column":4},"end":{"line":563,"column":4}}]},"29":{"line":577,"type":"binary-expr","locations":[{"start":{"line":577,"column":16},"end":{"line":577,"column":23}},{"start":{"line":577,"column":27},"end":{"line":577,"column":29}}]},"30":{"line":582,"type":"binary-expr","locations":[{"start":{"line":582,"column":88},"end":{"line":582,"column":103}},{"start":{"line":582,"column":107},"end":{"line":582,"column":111}}]},"31":{"line":583,"type":"binary-expr","locations":[{"start":{"line":583,"column":67},"end":{"line":583,"column":82}},{"start":{"line":583,"column":86},"end":{"line":583,"column":90}}]},"32":{"line":592,"type":"cond-expr","locations":[{"start":{"line":592,"column":22},"end":{"line":592,"column":37}},{"start":{"line":592,"column":40},"end":{"line":592,"column":48}}]},"33":{"line":596,"type":"binary-expr","locations":[{"start":{"line":596,"column":16},"end":{"line":596,"column":23}},{"start":{"line":596,"column":27},"end":{"line":596,"column":29}}]},"34":{"line":600,"type":"cond-expr","locations":[{"start":{"line":600,"column":42},"end":{"line":600,"column":78}},{"start":{"line":600,"column":81},"end":{"line":600,"column":94}}]},"35":{"line":601,"type":"cond-expr","locations":[{"start":{"line":601,"column":42},"end":{"line":601,"column":76}},{"start":{"line":601,"column":81},"end":{"line":601,"column":93}}]},"36":{"line":612,"type":"binary-expr","locations":[{"start":{"line":612,"column":16},"end":{"line":612,"column":23}},{"start":{"line":612,"column":27},"end":{"line":612,"column":29}}]},"37":{"line":617,"type":"if","locations":[{"start":{"line":617,"column":8},"end":{"line":617,"column":8}},{"start":{"line":617,"column":8},"end":{"line":617,"column":8}}]},"38":{"line":623,"type":"if","locations":[{"start":{"line":623,"column":12},"end":{"line":623,"column":12}},{"start":{"line":623,"column":12},"end":{"line":623,"column":12}}]},"39":{"line":643,"type":"binary-expr","locations":[{"start":{"line":643,"column":16},"end":{"line":643,"column":23}},{"start":{"line":643,"column":27},"end":{"line":643,"column":29}}]},"40":{"line":656,"type":"if","locations":[{"start":{"line":656,"column":10},"end":{"line":656,"column":10}},{"start":{"line":656,"column":10},"end":{"line":656,"column":10}}]},"41":{"line":667,"type":"if","locations":[{"start":{"line":667,"column":10},"end":{"line":667,"column":10}},{"start":{"line":667,"column":10},"end":{"line":667,"column":10}}]},"42":{"line":667,"type":"binary-expr","locations":[{"start":{"line":667,"column":16},"end":{"line":667,"column":27}},{"start":{"line":667,"column":31},"end":{"line":667,"column":72}},{"start":{"line":667,"column":76},"end":{"line":667,"column":90}},{"start":{"line":667,"column":98},"end":{"line":667,"column":108}},{"start":{"line":667,"column":112},"end":{"line":667,"column":126}}]},"43":{"line":693,"type":"if","locations":[{"start":{"line":693,"column":6},"end":{"line":693,"column":6}},{"start":{"line":693,"column":6},"end":{"line":693,"column":6}}]}}}}