TN:
SF:/Users/michaelphillips/Projects/packages/utensils/lib/utensils.js
FN:8,(anonymous_1)
FN:12,(anonymous_2)
FN:29,(anonymous_3)
FN:43,(anonymous_4)
FN:48,(anonymous_5)
FN:65,(anonymous_6)
FN:84,(anonymous_7)
FN:91,(anonymous_8)
FN:96,(anonymous_9)
FN:108,(anonymous_10)
FN:109,(anonymous_11)
FN:119,(anonymous_12)
FN:137,(anonymous_13)
FN:152,(anonymous_14)
FN:164,(anonymous_15)
FN:171,(anonymous_16)
FN:178,(anonymous_17)
FN:198,(anonymous_18)
FN:202,(anonymous_19)
FN:217,(anonymous_20)
FN:224,(anonymous_21)
FN:225,(anonymous_22)
FN:235,(anonymous_23)
FN:239,(anonymous_24)
FN:240,(anonymous_25)
FN:260,(anonymous_26)
FN:264,(anonymous_27)
FN:270,(anonymous_28)
FN:277,(anonymous_29)
FN:281,(anonymous_30)
FN:284,(anonymous_31)
FN:294,(anonymous_32)
FN:301,(anonymous_33)
FN:303,(anonymous_34)
FN:318,(anonymous_35)
FN:327,(anonymous_36)
FN:331,(anonymous_37)
FN:346,(anonymous_38)
FN:356,(anonymous_39)
FN:363,(anonymous_40)
FN:374,(anonymous_41)
FN:380,(anonymous_42)
FN:393,(anonymous_43)
FN:400,(anonymous_44)
FN:407,(anonymous_45)
FN:410,(anonymous_46)
FN:418,(anonymous_47)
FN:426,(anonymous_48)
FN:441,(anonymous_49)
FN:445,(anonymous_50)
FN:462,(anonymous_51)
FN:470,(anonymous_52)
FN:471,(anonymous_53)
FN:481,(anonymous_54)
FN:485,(anonymous_55)
FN:486,(anonymous_56)
FN:505,(anonymous_57)
FN:511,(anonymous_58)
FN:520,(anonymous_59)
FN:536,(anonymous_60)
FN:547,extend
FN:554,(anonymous_62)
FN:559,(anonymous_63)
FN:572,(anonymous_64)
FN:576,prepareProcedureMethods
FN:589,promiseSequence
FN:590,(anonymous_67)
FN:595,wrapWithPromise
FN:598,(anonymous_69)
FN:611,wrapAnySyncFunctionsWithBooleanPromiseHandling
FN:616,(anonymous_71)
FN:618,(anonymous_72)
FN:637,scopeName
FN:641,wrapAnySequenceFunctionsThatRequestedPromises
FN:647,(anonymous_75)
FN:648,(anonymous_76)
FN:680,returnArrayOfResultsFromExecutedFunctions
FN:681,(anonymous_78)
FN:686,getObjectMethodsByName
FN:687,(anonymous_80)
FN:699,returnBoundObjectMethods
FN:704,(anonymous_82)
FN:712,memoizeAllFunctions
FN:713,(anonymous_84)
FNF:84
FNH:6
FNDA:1,(anonymous_1)
FNDA:0,(anonymous_2)
FNDA:1,(anonymous_3)
FNDA:0,(anonymous_4)
FNDA:0,(anonymous_5)
FNDA:0,(anonymous_6)
FNDA:0,(anonymous_7)
FNDA:0,(anonymous_8)
FNDA:0,(anonymous_9)
FNDA:2,(anonymous_10)
FNDA:0,(anonymous_11)
FNDA:0,(anonymous_12)
FNDA:0,(anonymous_13)
FNDA:0,(anonymous_14)
FNDA:0,(anonymous_15)
FNDA:0,(anonymous_16)
FNDA:0,(anonymous_17)
FNDA:0,(anonymous_18)
FNDA:0,(anonymous_19)
FNDA:0,(anonymous_20)
FNDA:0,(anonymous_21)
FNDA:0,(anonymous_22)
FNDA:0,(anonymous_23)
FNDA:0,(anonymous_24)
FNDA:0,(anonymous_25)
FNDA:0,(anonymous_26)
FNDA:0,(anonymous_27)
FNDA:0,(anonymous_28)
FNDA:0,(anonymous_29)
FNDA:0,(anonymous_30)
FNDA:0,(anonymous_31)
FNDA:0,(anonymous_32)
FNDA:0,(anonymous_33)
FNDA:0,(anonymous_34)
FNDA:0,(anonymous_35)
FNDA:0,(anonymous_36)
FNDA:0,(anonymous_37)
FNDA:0,(anonymous_38)
FNDA:0,(anonymous_39)
FNDA:0,(anonymous_40)
FNDA:0,(anonymous_41)
FNDA:0,(anonymous_42)
FNDA:0,(anonymous_43)
FNDA:0,(anonymous_44)
FNDA:0,(anonymous_45)
FNDA:0,(anonymous_46)
FNDA:0,(anonymous_47)
FNDA:0,(anonymous_48)
FNDA:0,(anonymous_49)
FNDA:0,(anonymous_50)
FNDA:0,(anonymous_51)
FNDA:0,(anonymous_52)
FNDA:0,(anonymous_53)
FNDA:0,(anonymous_54)
FNDA:0,(anonymous_55)
FNDA:0,(anonymous_56)
FNDA:0,(anonymous_57)
FNDA:0,(anonymous_58)
FNDA:0,(anonymous_59)
FNDA:0,(anonymous_60)
FNDA:8,extend
FNDA:0,(anonymous_62)
FNDA:8,(anonymous_63)
FNDA:8,(anonymous_64)
FNDA:0,prepareProcedureMethods
FNDA:0,promiseSequence
FNDA:0,(anonymous_67)
FNDA:0,wrapWithPromise
FNDA:0,(anonymous_69)
FNDA:0,wrapAnySyncFunctionsWithBooleanPromiseHandling
FNDA:0,(anonymous_71)
FNDA:0,(anonymous_72)
FNDA:0,scopeName
FNDA:0,wrapAnySequenceFunctionsThatRequestedPromises
FNDA:0,(anonymous_75)
FNDA:0,(anonymous_76)
FNDA:0,returnArrayOfResultsFromExecutedFunctions
FNDA:0,(anonymous_78)
FNDA:0,getObjectMethodsByName
FNDA:0,(anonymous_80)
FNDA:0,returnBoundObjectMethods
FNDA:0,(anonymous_82)
FNDA:0,memoizeAllFunctions
FNDA:0,(anonymous_84)
DA:8,1
DA:11,1
DA:12,0
DA:15,0
DA:19,1
DA:20,1
DA:21,1
DA:22,1
DA:26,0
DA:36,1
DA:39,1
DA:43,1
DA:44,0
DA:45,0
DA:48,1
DA:49,0
DA:50,0
DA:53,0
DA:54,0
DA:55,0
DA:59,0
DA:60,0
DA:64,0
DA:65,0
DA:66,0
DA:71,1
DA:76,1
DA:85,0
DA:91,1
DA:92,0
DA:96,1
DA:97,0
DA:104,1
DA:108,1
DA:109,2
DA:110,0
DA:117,1
DA:120,0
DA:125,0
DA:126,0
DA:127,0
DA:131,0
DA:132,0
DA:134,0
DA:138,0
DA:147,1
DA:153,0
DA:165,0
DA:170,0
DA:171,0
DA:177,0
DA:178,0
DA:181,0
DA:183,0
DA:193,1
DA:199,0
DA:206,0
DA:208,0
DA:212,0
DA:213,0
DA:218,0
DA:220,0
DA:221,0
DA:222,0
DA:225,0
DA:226,0
DA:230,0
DA:232,0
DA:236,0
DA:237,0
DA:238,0
DA:239,0
DA:240,0
DA:243,0
DA:244,0
DA:246,0
DA:249,0
DA:257,1
DA:261,0
DA:265,0
DA:267,0
DA:269,0
DA:271,0
DA:278,0
DA:280,0
DA:282,0
DA:285,0
DA:295,0
DA:300,0
DA:301,0
DA:302,0
DA:304,0
DA:308,0
DA:316,1
DA:320,0
DA:323,0
DA:328,0
DA:332,0
DA:334,0
DA:336,0
DA:346,0
DA:347,0
DA:352,0
DA:357,0
DA:358,0
DA:359,0
DA:361,0
DA:364,0
DA:371,0
DA:375,0
DA:379,0
DA:380,0
DA:381,0
DA:385,0
DA:386,0
DA:388,0
DA:394,0
DA:396,0
DA:401,0
DA:403,0
DA:408,0
DA:410,0
DA:411,0
DA:412,0
DA:415,0
DA:419,0
DA:420,0
DA:422,0
DA:426,0
DA:427,0
DA:430,0
DA:438,1
DA:442,0
DA:449,0
DA:451,0
DA:457,0
DA:458,0
DA:463,0
DA:464,0
DA:466,0
DA:467,0
DA:468,0
DA:471,0
DA:472,0
DA:476,0
DA:478,0
DA:482,0
DA:483,0
DA:484,0
DA:485,0
DA:486,0
DA:489,0
DA:490,0
DA:492,0
DA:495,0
DA:503,1
DA:506,0
DA:508,0
DA:509,0
DA:510,0
DA:511,0
DA:512,0
DA:515,0
DA:517,0
DA:521,0
DA:526,0
DA:527,0
DA:528,0
DA:529,0
DA:532,0
DA:536,0
DA:537,0
DA:538,0
DA:547,1
DA:548,8
DA:549,8
DA:551,8
DA:552,3
DA:554,5
DA:557,8
DA:559,8
DA:560,8
DA:561,8
DA:563,8
DA:565,8
DA:566,8
DA:568,8
DA:572,1
DA:573,8
DA:576,1
DA:577,0
DA:579,0
DA:581,0
DA:582,0
DA:583,0
DA:586,0
DA:589,1
DA:590,0
DA:591,0
DA:595,1
DA:596,0
DA:598,0
DA:599,0
DA:600,0
DA:601,0
DA:603,0
DA:604,0
DA:605,0
DA:608,0
DA:611,1
DA:612,0
DA:614,0
DA:617,0
DA:618,0
DA:619,0
DA:623,0
DA:624,0
DA:626,0
DA:628,0
DA:631,0
DA:637,1
DA:638,0
DA:641,1
DA:642,0
DA:643,0
DA:645,0
DA:648,0
DA:649,0
DA:656,0
DA:657,0
DA:667,0
DA:668,0
DA:672,0
DA:674,0
DA:675,0
DA:680,1
DA:681,0
DA:682,0
DA:686,1
DA:687,0
DA:688,0
DA:693,0
DA:695,0
DA:699,1
DA:700,0
DA:702,0
DA:705,0
DA:706,0
DA:707,0
DA:712,1
DA:713,0
DA:714,0
DA:718,1
LF:253
LH:51
BRDA:11,1,0,0
BRDA:11,1,1,1
BRDA:11,2,0,1
BRDA:11,2,1,0
BRDA:19,3,0,1
BRDA:19,3,1,0
BRDA:54,4,0,0
BRDA:54,4,1,0
BRDA:54,5,0,0
BRDA:54,5,1,0
BRDA:64,6,0,0
BRDA:64,6,1,0
BRDA:126,7,0,0
BRDA:126,7,1,0
BRDA:131,8,0,0
BRDA:131,8,1,0
BRDA:170,9,0,0
BRDA:170,9,1,0
BRDA:177,10,0,0
BRDA:177,10,1,0
BRDA:243,11,0,0
BRDA:243,11,1,0
BRDA:320,12,0,0
BRDA:320,12,1,0
BRDA:379,13,0,0
BRDA:379,13,1,0
BRDA:385,14,0,0
BRDA:385,14,1,0
BRDA:394,15,0,0
BRDA:394,15,1,0
BRDA:401,16,0,0
BRDA:401,16,1,0
BRDA:408,17,0,0
BRDA:408,17,1,0
BRDA:463,18,0,0
BRDA:463,18,1,0
BRDA:467,19,0,0
BRDA:467,19,1,0
BRDA:468,20,0,0
BRDA:468,20,1,0
BRDA:476,21,0,0
BRDA:476,21,1,0
BRDA:489,22,0,0
BRDA:489,22,1,0
BRDA:506,23,0,0
BRDA:506,23,1,0
BRDA:526,24,0,0
BRDA:526,24,1,0
BRDA:528,25,0,0
BRDA:528,25,1,0
BRDA:551,26,0,3
BRDA:551,26,1,5
BRDA:551,27,0,8
BRDA:551,27,1,8
BRDA:563,28,0,8
BRDA:563,28,1,0
BRDA:577,29,0,0
BRDA:577,29,1,0
BRDA:582,30,0,0
BRDA:582,30,1,0
BRDA:583,31,0,0
BRDA:583,31,1,0
BRDA:592,32,0,0
BRDA:592,32,1,0
BRDA:596,33,0,0
BRDA:596,33,1,0
BRDA:600,34,0,0
BRDA:600,34,1,0
BRDA:601,35,0,0
BRDA:601,35,1,0
BRDA:612,36,0,0
BRDA:612,36,1,0
BRDA:617,37,0,0
BRDA:617,37,1,0
BRDA:623,38,0,0
BRDA:623,38,1,0
BRDA:643,39,0,0
BRDA:643,39,1,0
BRDA:656,40,0,0
BRDA:656,40,1,0
BRDA:667,41,0,0
BRDA:667,41,1,0
BRDA:667,42,0,0
BRDA:667,42,1,0
BRDA:667,42,2,0
BRDA:667,42,3,0
BRDA:667,42,4,0
BRDA:693,43,0,0
BRDA:693,43,1,0
BRF:89
BRH:8
end_of_record
